# JRE version: OpenJDK Runtime Environment (21.0.6) (build 21.0.6+-13391695-b895.109)
# Java VM: OpenJDK 64-Bit Server VM (21.0.6+-13391695-b895.109, mixed mode, tiered, compressed oops, compressed class ptrs, g1 gc, windows-amd64)
GC Precious Log:
 CardTable entry size: 512
 Card Set container configuration: InlinePtr #cards 5 size 8 Array Of Cards #cards 12 size 40 Howl #buckets 4 coarsen threshold 1843 Howl Bitmap #cards 512 size 80 coarsen threshold 460 Card regions per heap region 1 cards per card region 2048
 CPUs: 16 total, 16 available
 Memory: 8044M
 Large Page Support: Disabled
 NUMA Support: Disabled
 Compressed Oops: Enabled (32-bit)
 Heap Region Size: 1M
 Heap Min Capacity: 8M
 Heap Initial Capacity: 126M
 Heap Max Capacity: 2G
 Pre-touch: Disabled
 Parallel Workers: 13
 Concurrent Workers: 3
 Concurrent Refinement Workers: 13
 Periodic GC: Disabled
Heap:
 garbage-first heap   total 173056K, used 103299K [0x0000000080000000, 0x0000000100000000)
  region size 1024K, 6 young (6144K), 6 survivors (6144K)
 Metaspace       used 106543K, committed 108800K, reserved 1179648K
  class space    used 14446K, committed 15552K, reserved 1048576K
GC Heap History (20 events):
Event: 6.791 GC heap after
{Heap after GC invocations=22 (full 0):
 garbage-first heap   total 120832K, used 65312K [0x0000000080000000, 0x0000000100000000)
  region size 1024K, 7 young (7168K), 7 survivors (7168K)
 Metaspace       used 72902K, committed 74752K, reserved 1114112K
  class space    used 9819K, committed 10752K, reserved 1048576K
}
Event: 6.819 GC heap before
{Heap before GC invocations=22 (full 0):
 garbage-first heap   total 120832K, used 79648K [0x0000000080000000, 0x0000000100000000)
  region size 1024K, 22 young (22528K), 7 survivors (7168K)
 Metaspace       used 72913K, committed 74752K, reserved 1114112K
  class space    used 9820K, committed 10752K, reserved 1048576K
}
Event: 6.825 GC heap after
{Heap after GC invocations=23 (full 0):
 garbage-first heap   total 168960K, used 68620K [0x0000000080000000, 0x0000000100000000)
  region size 1024K, 4 young (4096K), 4 survivors (4096K)
 Metaspace       used 72913K, committed 74752K, reserved 1114112K
  class space    used 9820K, committed 10752K, reserved 1048576K
}
Event: 6.918 GC heap before
{Heap before GC invocations=23 (full 0):
 garbage-first heap   total 168960K, used 78860K [0x0000000080000000, 0x0000000100000000)
  region size 1024K, 15 young (15360K), 4 survivors (4096K)
 Metaspace       used 73648K, committed 75456K, reserved 1179648K
  class space    used 9890K, committed 10816K, reserved 1048576K
}
Event: 6.921 GC heap after
{Heap after GC invocations=24 (full 0):
 garbage-first heap   total 168960K, used 70466K [0x0000000080000000, 0x0000000100000000)
  region size 1024K, 4 young (4096K), 4 survivors (4096K)
 Metaspace       used 73648K, committed 75456K, reserved 1179648K
  class space    used 9890K, committed 10816K, reserved 1048576K
}
Event: 7.627 GC heap before
{Heap before GC invocations=25 (full 0):
 garbage-first heap   total 168960K, used 144194K [0x0000000080000000, 0x0000000100000000)
  region size 1024K, 76 young (77824K), 4 survivors (4096K)
 Metaspace       used 80825K, committed 82816K, reserved 1179648K
  class space    used 10827K, committed 11840K, reserved 1048576K
}
Event: 7.632 GC heap after
{Heap after GC invocations=26 (full 0):
 garbage-first heap   total 168960K, used 74331K [0x0000000080000000, 0x0000000100000000)
  region size 1024K, 7 young (7168K), 7 survivors (7168K)
 Metaspace       used 80825K, committed 82816K, reserved 1179648K
  class space    used 10827K, committed 11840K, reserved 1048576K
}
Event: 8.257 GC heap before
{Heap before GC invocations=26 (full 0):
 garbage-first heap   total 168960K, used 152155K [0x0000000080000000, 0x0000000100000000)
  region size 1024K, 78 young (79872K), 7 survivors (7168K)
 Metaspace       used 86515K, committed 88576K, reserved 1179648K
  class space    used 11535K, committed 12544K, reserved 1048576K
}
Event: 8.265 GC heap after
{Heap after GC invocations=27 (full 0):
 garbage-first heap   total 168960K, used 79842K [0x0000000080000000, 0x0000000100000000)
  region size 1024K, 10 young (10240K), 10 survivors (10240K)
 Metaspace       used 86515K, committed 88576K, reserved 1179648K
  class space    used 11535K, committed 12544K, reserved 1048576K
}
Event: 8.370 GC heap before
{Heap before GC invocations=27 (full 0):
 garbage-first heap   total 168960K, used 90082K [0x0000000080000000, 0x0000000100000000)
  region size 1024K, 21 young (21504K), 10 survivors (10240K)
 Metaspace       used 87293K, committed 89344K, reserved 1179648K
  class space    used 11642K, committed 12672K, reserved 1048576K
}
Event: 8.376 GC heap after
{Heap after GC invocations=28 (full 0):
 garbage-first heap   total 168960K, used 81311K [0x0000000080000000, 0x0000000100000000)
  region size 1024K, 2 young (2048K), 2 survivors (2048K)
 Metaspace       used 87293K, committed 89344K, reserved 1179648K
  class space    used 11642K, committed 12672K, reserved 1048576K
}
Event: 8.961 GC heap before
{Heap before GC invocations=29 (full 0):
 garbage-first heap   total 168960K, used 156063K [0x0000000080000000, 0x0000000100000000)
  region size 1024K, 69 young (70656K), 2 survivors (2048K)
 Metaspace       used 93251K, committed 95360K, reserved 1179648K
  class space    used 12402K, committed 13440K, reserved 1048576K
}
Event: 8.965 GC heap after
{Heap after GC invocations=30 (full 0):
 garbage-first heap   total 168960K, used 91772K [0x0000000080000000, 0x0000000100000000)
  region size 1024K, 5 young (5120K), 5 survivors (5120K)
 Metaspace       used 93251K, committed 95360K, reserved 1179648K
  class space    used 12402K, committed 13440K, reserved 1048576K
}
Event: 9.405 GC heap before
{Heap before GC invocations=30 (full 0):
 garbage-first heap   total 168960K, used 157308K [0x0000000080000000, 0x0000000100000000)
  region size 1024K, 66 young (67584K), 5 survivors (5120K)
 Metaspace       used 95358K, committed 97472K, reserved 1179648K
  class space    used 12724K, committed 13760K, reserved 1048576K
}
Event: 9.414 GC heap after
{Heap after GC invocations=31 (full 0):
 garbage-first heap   total 169984K, used 98973K [0x0000000080000000, 0x0000000100000000)
  region size 1024K, 9 young (9216K), 9 survivors (9216K)
 Metaspace       used 95358K, committed 97472K, reserved 1179648K
  class space    used 12724K, committed 13760K, reserved 1048576K
}
Event: 9.699 GC heap before
{Heap before GC invocations=31 (full 0):
 garbage-first heap   total 169984K, used 133789K [0x0000000080000000, 0x0000000100000000)
  region size 1024K, 44 young (45056K), 9 survivors (9216K)
 Metaspace       used 97977K, committed 100160K, reserved 1179648K
  class space    used 13092K, committed 14208K, reserved 1048576K
}
Event: 9.708 GC heap after
{Heap after GC invocations=32 (full 0):
 garbage-first heap   total 169984K, used 101424K [0x0000000080000000, 0x0000000100000000)
  region size 1024K, 3 young (3072K), 3 survivors (3072K)
 Metaspace       used 97977K, committed 100160K, reserved 1179648K
  class space    used 13092K, committed 14208K, reserved 1048576K
}
Event: 10.232 GC heap before
{Heap before GC invocations=33 (full 0):
 garbage-first heap   total 173056K, used 157744K [0x0000000080000000, 0x0000000100000000)
  region size 1024K, 57 young (58368K), 3 survivors (3072K)
 Metaspace       used 102393K, committed 104640K, reserved 1179648K
  class space    used 13854K, committed 14976K, reserved 1048576K
}
Event: 10.244 GC heap after
{Heap after GC invocations=34 (full 0):
 garbage-first heap   total 173056K, used 102430K [0x0000000080000000, 0x0000000100000000)
  region size 1024K, 4 young (4096K), 4 survivors (4096K)
 Metaspace       used 102393K, committed 104640K, reserved 1179648K
  class space    used 13854K, committed 14976K, reserved 1048576K
}
Event: 11.010 GC heap before
{Heap before GC invocations=34 (full 0):
 garbage-first heap   total 173056K, used 158750K [0x0000000080000000, 0x0000000100000000)
  region size 1024K, 59 young (60416K), 4 survivors (4096K)
 Metaspace       used 106543K, committed 108800K, reserved 1179648K
  class space    used 14446K, committed 15552K, reserved 1048576K
}

