# JRE version: OpenJDK Runtime Environment (21.0.6) (build 21.0.6+-13391695-b895.109)
# Java VM: OpenJDK 64-Bit Server VM (21.0.6+-13391695-b895.109, mixed mode, tiered, compressed oops, compressed class ptrs, g1 gc, windows-amd64)
GC Precious Log:
 CardTable entry size: 512
 Card Set container configuration: InlinePtr #cards 5 size 8 Array Of Cards #cards 12 size 40 Howl #buckets 4 coarsen threshold 1843 Howl Bitmap #cards 512 size 80 coarsen threshold 460 Card regions per heap region 1 cards per card region 2048
 CPUs: 16 total, 16 available
 Memory: 8044M
 Large Page Support: Disabled
 NUMA Support: Disabled
 Compressed Oops: Enabled (32-bit)
 Heap Region Size: 1M
 Heap Min Capacity: 8M
 Heap Initial Capacity: 126M
 Heap Max Capacity: 2G
 Pre-touch: Disabled
 Parallel Workers: 13
 Concurrent Workers: 3
 Concurrent Refinement Workers: 13
 Periodic GC: Disabled
Heap:
 garbage-first heap   total 189440K, used 151992K [0x0000000080000000, 0x0000000100000000)
  region size 1024K, 29 young (29696K), 5 survivors (5120K)
 Metaspace       used 116880K, committed 119168K, reserved 1179648K
  class space    used 15853K, committed 17024K, reserved 1048576K
GC Heap History (20 events):
Event: 14.033 GC heap before
{Heap before GC invocations=33 (full 0):
 garbage-first heap   total 153600K, used 136107K [0x0000000080000000, 0x0000000100000000)
  region size 1024K, 44 young (45056K), 3 survivors (3072K)
 Metaspace       used 94587K, committed 96704K, reserved 1179648K
  class space    used 12603K, committed 13632K, reserved 1048576K
}
Event: 14.038 GC heap after
{Heap after GC invocations=34 (full 0):
 garbage-first heap   total 153600K, used 98962K [0x0000000080000000, 0x0000000100000000)
  region size 1024K, 6 young (6144K), 6 survivors (6144K)
 Metaspace       used 94587K, committed 96704K, reserved 1179648K
  class space    used 12603K, committed 13632K, reserved 1048576K
}
Event: 14.331 GC heap before
{Heap before GC invocations=34 (full 0):
 garbage-first heap   total 153600K, used 135826K [0x0000000080000000, 0x0000000100000000)
  region size 1024K, 42 young (43008K), 6 survivors (6144K)
 Metaspace       used 95788K, committed 97792K, reserved 1179648K
  class space    used 12755K, committed 13760K, reserved 1048576K
}
Event: 14.339 GC heap after
{Heap after GC invocations=35 (full 0):
 garbage-first heap   total 153600K, used 99805K [0x0000000080000000, 0x0000000100000000)
  region size 1024K, 4 young (4096K), 4 survivors (4096K)
 Metaspace       used 95788K, committed 97792K, reserved 1179648K
  class space    used 12755K, committed 13760K, reserved 1048576K
}
Event: 14.641 GC heap before
{Heap before GC invocations=35 (full 0):
 garbage-first heap   total 153600K, used 127453K [0x0000000080000000, 0x0000000100000000)
  region size 1024K, 32 young (32768K), 4 survivors (4096K)
 Metaspace       used 97841K, committed 99968K, reserved 1179648K
  class space    used 13052K, committed 14144K, reserved 1048576K
}
Event: 14.647 GC heap after
{Heap after GC invocations=36 (full 0):
 garbage-first heap   total 184320K, used 101335K [0x0000000080000000, 0x0000000100000000)
  region size 1024K, 2 young (2048K), 2 survivors (2048K)
 Metaspace       used 97841K, committed 99968K, reserved 1179648K
  class space    used 13052K, committed 14144K, reserved 1048576K
}
Event: 15.183 GC heap before
{Heap before GC invocations=37 (full 0):
 garbage-first heap   total 184320K, used 162775K [0x0000000080000000, 0x0000000100000000)
  region size 1024K, 61 young (62464K), 2 survivors (2048K)
 Metaspace       used 102663K, committed 104768K, reserved 1179648K
  class space    used 13856K, committed 14912K, reserved 1048576K
}
Event: 15.186 GC heap after
{Heap after GC invocations=38 (full 0):
 garbage-first heap   total 184320K, used 103018K [0x0000000080000000, 0x0000000100000000)
  region size 1024K, 4 young (4096K), 4 survivors (4096K)
 Metaspace       used 102663K, committed 104768K, reserved 1179648K
  class space    used 13856K, committed 14912K, reserved 1048576K
}
Event: 15.894 GC heap before
{Heap before GC invocations=38 (full 0):
 garbage-first heap   total 184320K, used 165482K [0x0000000080000000, 0x0000000100000000)
  region size 1024K, 65 young (66560K), 4 survivors (4096K)
 Metaspace       used 107130K, committed 109312K, reserved 1179648K
  class space    used 14500K, committed 15616K, reserved 1048576K
}
Event: 15.901 GC heap after
{Heap after GC invocations=39 (full 0):
 garbage-first heap   total 184320K, used 105392K [0x0000000080000000, 0x0000000100000000)
  region size 1024K, 7 young (7168K), 7 survivors (7168K)
 Metaspace       used 107130K, committed 109312K, reserved 1179648K
  class space    used 14500K, committed 15616K, reserved 1048576K
}
Event: 16.862 GC heap before
{Heap before GC invocations=39 (full 0):
 garbage-first heap   total 184320K, used 166832K [0x0000000080000000, 0x0000000100000000)
  region size 1024K, 67 young (68608K), 7 survivors (7168K)
 Metaspace       used 112605K, committed 114816K, reserved 1179648K
  class space    used 15266K, committed 16384K, reserved 1048576K
}
Event: 16.873 GC heap after
{Heap after GC invocations=40 (full 0):
 garbage-first heap   total 184320K, used 107534K [0x0000000080000000, 0x0000000100000000)
  region size 1024K, 7 young (7168K), 7 survivors (7168K)
 Metaspace       used 112605K, committed 114816K, reserved 1179648K
  class space    used 15266K, committed 16384K, reserved 1048576K
}
Event: 18.047 GC heap before
{Heap before GC invocations=40 (full 0):
 garbage-first heap   total 184320K, used 166926K [0x0000000080000000, 0x0000000100000000)
  region size 1024K, 65 young (66560K), 7 survivors (7168K)
 Metaspace       used 114522K, committed 116736K, reserved 1179648K
  class space    used 15522K, committed 16640K, reserved 1048576K
}
Event: 18.058 GC heap after
{Heap after GC invocations=41 (full 0):
 garbage-first heap   total 184320K, used 113580K [0x0000000080000000, 0x0000000100000000)
  region size 1024K, 9 young (9216K), 9 survivors (9216K)
 Metaspace       used 114522K, committed 116736K, reserved 1179648K
  class space    used 15522K, committed 16640K, reserved 1048576K
}
Event: 18.726 GC heap before
{Heap before GC invocations=42 (full 0):
 garbage-first heap   total 189440K, used 163756K [0x0000000080000000, 0x0000000100000000)
  region size 1024K, 59 young (60416K), 9 survivors (9216K)
 Metaspace       used 116695K, committed 119040K, reserved 1179648K
  class space    used 15843K, committed 17024K, reserved 1048576K
}
Event: 18.739 GC heap after
{Heap after GC invocations=43 (full 0):
 garbage-first heap   total 189440K, used 121839K [0x0000000080000000, 0x0000000100000000)
  region size 1024K, 8 young (8192K), 8 survivors (8192K)
 Metaspace       used 116695K, committed 119040K, reserved 1179648K
  class space    used 15843K, committed 17024K, reserved 1048576K
}
Event: 19.040 GC heap before
{Heap before GC invocations=43 (full 0):
 garbage-first heap   total 189440K, used 170991K [0x0000000080000000, 0x0000000100000000)
  region size 1024K, 56 young (57344K), 8 survivors (8192K)
 Metaspace       used 116847K, committed 119168K, reserved 1179648K
  class space    used 15853K, committed 17024K, reserved 1048576K
}
Event: 19.052 GC heap after
{Heap after GC invocations=44 (full 0):
 garbage-first heap   total 189440K, used 126287K [0x0000000080000000, 0x0000000100000000)
  region size 1024K, 6 young (6144K), 6 survivors (6144K)
 Metaspace       used 116847K, committed 119168K, reserved 1179648K
  class space    used 15853K, committed 17024K, reserved 1048576K
}
Event: 19.137 GC heap before
{Heap before GC invocations=44 (full 0):
 garbage-first heap   total 189440K, used 171343K [0x0000000080000000, 0x0000000100000000)
  region size 1024K, 51 young (52224K), 6 survivors (6144K)
 Metaspace       used 116851K, committed 119168K, reserved 1179648K
  class space    used 15853K, committed 17024K, reserved 1048576K
}
Event: 19.142 GC heap after
{Heap after GC invocations=45 (full 0):
 garbage-first heap   total 189440K, used 128440K [0x0000000080000000, 0x0000000100000000)
  region size 1024K, 5 young (5120K), 5 survivors (5120K)
 Metaspace       used 116851K, committed 119168K, reserved 1179648K
  class space    used 15853K, committed 17024K, reserved 1048576K
}

