# JRE version: OpenJDK Runtime Environment (21.0.6) (build 21.0.6+-13391695-b895.109)
# Java VM: OpenJDK 64-Bit Server VM (21.0.6+-13391695-b895.109, mixed mode, tiered, compressed oops, compressed class ptrs, g1 gc, windows-amd64)
GC Precious Log:
 CardTable entry size: 512
 Card Set container configuration: InlinePtr #cards 5 size 8 Array Of Cards #cards 12 size 40 Howl #buckets 4 coarsen threshold 1843 Howl Bitmap #cards 512 size 80 coarsen threshold 460 Card regions per heap region 1 cards per card region 2048
 CPUs: 16 total, 16 available
 Memory: 8044M
 Large Page Support: Disabled
 NUMA Support: Disabled
 Compressed Oops: Enabled (32-bit)
 Heap Region Size: 1M
 Heap Min Capacity: 8M
 Heap Initial Capacity: 126M
 Heap Max Capacity: 2G
 Pre-touch: Disabled
 Parallel Workers: 13
 Concurrent Workers: 3
 Concurrent Refinement Workers: 13
 Periodic GC: Disabled
Heap:
 garbage-first heap   total 98304K, used 71688K [0x0000000080000000, 0x0000000100000000)
  region size 1024K, 32 young (32768K), 6 survivors (6144K)
 Metaspace       used 71682K, committed 73536K, reserved 1114112K
  class space    used 9754K, committed 10688K, reserved 1048576K
GC Heap History (20 events):
Event: 2.488 GC heap before
{Heap before GC invocations=5 (full 0):
 garbage-first heap   total 71680K, used 69246K [0x0000000080000000, 0x0000000100000000)
  region size 1024K, 52 young (53248K), 3 survivors (3072K)
 Metaspace       used 29255K, committed 29888K, reserved 1114112K
  class space    used 3710K, committed 4032K, reserved 1048576K
}
Event: 2.494 GC heap after
{Heap after GC invocations=6 (full 0):
 garbage-first heap   total 77824K, used 22885K [0x0000000080000000, 0x0000000100000000)
  region size 1024K, 6 young (6144K), 6 survivors (6144K)
 Metaspace       used 29255K, committed 29888K, reserved 1114112K
  class space    used 3710K, committed 4032K, reserved 1048576K
}
Event: 2.937 GC heap before
{Heap before GC invocations=6 (full 0):
 garbage-first heap   total 77824K, used 60773K [0x0000000080000000, 0x0000000100000000)
  region size 1024K, 43 young (44032K), 6 survivors (6144K)
 Metaspace       used 34274K, committed 35136K, reserved 1114112K
  class space    used 4553K, committed 4992K, reserved 1048576K
}
Event: 2.941 GC heap after
{Heap after GC invocations=7 (full 0):
 garbage-first heap   total 77824K, used 25388K [0x0000000080000000, 0x0000000100000000)
  region size 1024K, 6 young (6144K), 6 survivors (6144K)
 Metaspace       used 34274K, committed 35136K, reserved 1114112K
  class space    used 4553K, committed 4992K, reserved 1048576K
}
Event: 3.001 GC heap before
{Heap before GC invocations=7 (full 0):
 garbage-first heap   total 77824K, used 30508K [0x0000000080000000, 0x0000000100000000)
  region size 1024K, 12 young (12288K), 6 survivors (6144K)
 Metaspace       used 35123K, committed 35968K, reserved 1114112K
  class space    used 4668K, committed 5056K, reserved 1048576K
}
Event: 3.004 GC heap after
{Heap after GC invocations=8 (full 0):
 garbage-first heap   total 77824K, used 25593K [0x0000000080000000, 0x0000000100000000)
  region size 1024K, 3 young (3072K), 3 survivors (3072K)
 Metaspace       used 35123K, committed 35968K, reserved 1114112K
  class space    used 4668K, committed 5056K, reserved 1048576K
}
Event: 3.590 GC heap before
{Heap before GC invocations=9 (full 0):
 garbage-first heap   total 77824K, used 64505K [0x0000000080000000, 0x0000000100000000)
  region size 1024K, 42 young (43008K), 3 survivors (3072K)
 Metaspace       used 43317K, committed 44352K, reserved 1114112K
  class space    used 5705K, committed 6208K, reserved 1048576K
}
Event: 3.596 GC heap after
{Heap after GC invocations=10 (full 0):
 garbage-first heap   total 77824K, used 30195K [0x0000000080000000, 0x0000000100000000)
  region size 1024K, 6 young (6144K), 6 survivors (6144K)
 Metaspace       used 43317K, committed 44352K, reserved 1114112K
  class space    used 5705K, committed 6208K, reserved 1048576K
}
Event: 3.881 GC heap before
{Heap before GC invocations=10 (full 0):
 garbage-first heap   total 77824K, used 69107K [0x0000000080000000, 0x0000000100000000)
  region size 1024K, 40 young (40960K), 6 survivors (6144K)
 Metaspace       used 45807K, committed 46848K, reserved 1114112K
  class space    used 5930K, committed 6464K, reserved 1048576K
}
Event: 3.889 GC heap after
{Heap after GC invocations=11 (full 0):
 garbage-first heap   total 98304K, used 33497K [0x0000000080000000, 0x0000000100000000)
  region size 1024K, 4 young (4096K), 4 survivors (4096K)
 Metaspace       used 45807K, committed 46848K, reserved 1114112K
  class space    used 5930K, committed 6464K, reserved 1048576K
}
Event: 4.458 GC heap before
{Heap before GC invocations=11 (full 0):
 garbage-first heap   total 98304K, used 84697K [0x0000000080000000, 0x0000000100000000)
  region size 1024K, 54 young (55296K), 4 survivors (4096K)
 Metaspace       used 51914K, committed 53376K, reserved 1114112K
  class space    used 6914K, committed 7616K, reserved 1048576K
}
Event: 4.463 GC heap after
{Heap after GC invocations=12 (full 0):
 garbage-first heap   total 98304K, used 36715K [0x0000000080000000, 0x0000000100000000)
  region size 1024K, 7 young (7168K), 7 survivors (7168K)
 Metaspace       used 51914K, committed 53376K, reserved 1114112K
  class space    used 6914K, committed 7616K, reserved 1048576K
}
Event: 5.110 GC heap before
{Heap before GC invocations=12 (full 0):
 garbage-first heap   total 98304K, used 84843K [0x0000000080000000, 0x0000000100000000)
  region size 1024K, 53 young (54272K), 7 survivors (7168K)
 Metaspace       used 57373K, committed 58944K, reserved 1114112K
  class space    used 7658K, committed 8448K, reserved 1048576K
}
Event: 5.119 GC heap after
{Heap after GC invocations=13 (full 0):
 garbage-first heap   total 98304K, used 41577K [0x0000000080000000, 0x0000000100000000)
  region size 1024K, 7 young (7168K), 7 survivors (7168K)
 Metaspace       used 57373K, committed 58944K, reserved 1114112K
  class space    used 7658K, committed 8448K, reserved 1048576K
}
Event: 5.284 GC heap before
{Heap before GC invocations=13 (full 0):
 garbage-first heap   total 98304K, used 74345K [0x0000000080000000, 0x0000000100000000)
  region size 1024K, 40 young (40960K), 7 survivors (7168K)
 Metaspace       used 58493K, committed 60096K, reserved 1114112K
  class space    used 7836K, committed 8640K, reserved 1048576K
}
Event: 5.290 GC heap after
{Heap after GC invocations=14 (full 0):
 garbage-first heap   total 98304K, used 43392K [0x0000000080000000, 0x0000000100000000)
  region size 1024K, 2 young (2048K), 2 survivors (2048K)
 Metaspace       used 58493K, committed 60096K, reserved 1114112K
  class space    used 7836K, committed 8640K, reserved 1048576K
}
Event: 5.821 GC heap before
{Heap before GC invocations=15 (full 0):
 garbage-first heap   total 98304K, used 86400K [0x0000000080000000, 0x0000000100000000)
  region size 1024K, 44 young (45056K), 2 survivors (2048K)
 Metaspace       used 64730K, committed 66368K, reserved 1114112K
  class space    used 8709K, committed 9536K, reserved 1048576K
}
Event: 5.823 GC heap after
{Heap after GC invocations=16 (full 0):
 garbage-first heap   total 98304K, used 44844K [0x0000000080000000, 0x0000000100000000)
  region size 1024K, 4 young (4096K), 4 survivors (4096K)
 Metaspace       used 64730K, committed 66368K, reserved 1114112K
  class space    used 8709K, committed 9536K, reserved 1048576K
}
Event: 6.310 GC heap before
{Heap before GC invocations=16 (full 0):
 garbage-first heap   total 98304K, used 86828K [0x0000000080000000, 0x0000000100000000)
  region size 1024K, 45 young (46080K), 4 survivors (4096K)
 Metaspace       used 69545K, committed 71360K, reserved 1114112K
  class space    used 9490K, committed 10368K, reserved 1048576K
}
Event: 6.316 GC heap after
{Heap after GC invocations=17 (full 0):
 garbage-first heap   total 98304K, used 47112K [0x0000000080000000, 0x0000000100000000)
  region size 1024K, 6 young (6144K), 6 survivors (6144K)
 Metaspace       used 69545K, committed 71360K, reserved 1114112K
  class space    used 9490K, committed 10368K, reserved 1048576K
}

