# JRE version: OpenJDK Runtime Environment (21.0.6) (build 21.0.6+-13391695-b895.109)
# Java VM: OpenJDK 64-Bit Server VM (21.0.6+-13391695-b895.109, mixed mode, tiered, compressed oops, compressed class ptrs, g1 gc, windows-amd64)
GC Precious Log:
 CardTable entry size: 512
 Card Set container configuration: InlinePtr #cards 5 size 8 Array Of Cards #cards 12 size 40 Howl #buckets 4 coarsen threshold 1843 Howl Bitmap #cards 512 size 80 coarsen threshold 460 Card regions per heap region 1 cards per card region 2048
 CPUs: 16 total, 16 available
 Memory: 8044M
 Large Page Support: Disabled
 NUMA Support: Disabled
 Compressed Oops: Enabled (32-bit)
 Heap Region Size: 1M
 Heap Min Capacity: 8M
 Heap Initial Capacity: 126M
 Heap Max Capacity: 2G
 Pre-touch: Disabled
 Parallel Workers: 13
 Concurrent Workers: 3
 Concurrent Refinement Workers: 13
 Periodic GC: Disabled
Heap:
 garbage-first heap   total 269312K, used 186267K [0x0000000080000000, 0x0000000100000000)
  region size 1024K, 55 young (56320K), 9 survivors (9216K)
 Metaspace       used 118717K, committed 121088K, reserved 1179648K
  class space    used 16156K, committed 17344K, reserved 1048576K
GC Heap History (20 events):
Event: 16.211 GC heap before
{Heap before GC invocations=37 (full 0):
 garbage-first heap   total 174080K, used 156790K [0x0000000080000000, 0x0000000100000000)
  region size 1024K, 59 young (60416K), 7 survivors (7168K)
 Metaspace       used 109856K, committed 112064K, reserved 1179648K
  class space    used 14938K, committed 16064K, reserved 1048576K
}
Event: 16.223 GC heap after
{Heap after GC invocations=38 (full 0):
 garbage-first heap   total 174080K, used 106240K [0x0000000080000000, 0x0000000100000000)
  region size 1024K, 7 young (7168K), 7 survivors (7168K)
 Metaspace       used 109856K, committed 112064K, reserved 1179648K
  class space    used 14938K, committed 16064K, reserved 1048576K
}
Event: 16.854 GC heap before
{Heap before GC invocations=39 (full 0):
 garbage-first heap   total 178176K, used 156416K [0x0000000080000000, 0x0000000100000000)
  region size 1024K, 56 young (57344K), 7 survivors (7168K)
 Metaspace       used 113635K, committed 115904K, reserved 1179648K
  class space    used 15462K, committed 16576K, reserved 1048576K
}
Event: 16.885 GC heap after
{Heap after GC invocations=40 (full 0):
 garbage-first heap   total 178176K, used 109489K [0x0000000080000000, 0x0000000100000000)
  region size 1024K, 6 young (6144K), 6 survivors (6144K)
 Metaspace       used 113635K, committed 115904K, reserved 1179648K
  class space    used 15462K, committed 16576K, reserved 1048576K
}
Event: 17.594 GC heap before
{Heap before GC invocations=40 (full 0):
 garbage-first heap   total 178176K, used 161713K [0x0000000080000000, 0x0000000100000000)
  region size 1024K, 57 young (58368K), 6 survivors (6144K)
 Metaspace       used 114433K, committed 116736K, reserved 1179648K
  class space    used 15562K, committed 16704K, reserved 1048576K
}
Event: 17.611 GC heap after
{Heap after GC invocations=41 (full 0):
 garbage-first heap   total 214016K, used 115579K [0x0000000080000000, 0x0000000100000000)
  region size 1024K, 8 young (8192K), 8 survivors (8192K)
 Metaspace       used 114433K, committed 116736K, reserved 1179648K
  class space    used 15562K, committed 16704K, reserved 1048576K
}
Event: 18.933 GC heap before
{Heap before GC invocations=41 (full 0):
 garbage-first heap   total 214016K, used 193403K [0x0000000080000000, 0x0000000100000000)
  region size 1024K, 85 young (87040K), 8 survivors (8192K)
 Metaspace       used 116781K, committed 119104K, reserved 1179648K
  class space    used 15895K, committed 17088K, reserved 1048576K
}
Event: 18.954 GC heap after
{Heap after GC invocations=42 (full 0):
 garbage-first heap   total 214016K, used 126347K [0x0000000080000000, 0x0000000100000000)
  region size 1024K, 11 young (11264K), 11 survivors (11264K)
 Metaspace       used 116781K, committed 119104K, reserved 1179648K
  class space    used 15895K, committed 17088K, reserved 1048576K
}
Event: 19.287 GC heap before
{Heap before GC invocations=42 (full 0):
 garbage-first heap   total 214016K, used 189835K [0x0000000080000000, 0x0000000100000000)
  region size 1024K, 74 young (75776K), 11 survivors (11264K)
 Metaspace       used 116789K, committed 119104K, reserved 1179648K
  class space    used 15895K, committed 17088K, reserved 1048576K
}
Event: 19.307 GC heap after
{Heap after GC invocations=43 (full 0):
 garbage-first heap   total 214016K, used 130646K [0x0000000080000000, 0x0000000100000000)
  region size 1024K, 5 young (5120K), 5 survivors (5120K)
 Metaspace       used 116789K, committed 119104K, reserved 1179648K
  class space    used 15895K, committed 17088K, reserved 1048576K
}
Event: 20.082 GC heap before
{Heap before GC invocations=43 (full 0):
 garbage-first heap   total 214016K, used 195158K [0x0000000080000000, 0x0000000100000000)
  region size 1024K, 69 young (70656K), 5 survivors (5120K)
 Metaspace       used 117250K, committed 119680K, reserved 1179648K
  class space    used 15980K, committed 17216K, reserved 1048576K
}
Event: 20.096 GC heap after
{Heap after GC invocations=44 (full 0):
 garbage-first heap   total 214016K, used 132694K [0x0000000080000000, 0x0000000100000000)
  region size 1024K, 7 young (7168K), 7 survivors (7168K)
 Metaspace       used 117250K, committed 119680K, reserved 1179648K
  class space    used 15980K, committed 17216K, reserved 1048576K
}
Event: 20.681 GC heap before
{Heap before GC invocations=45 (full 0):
 garbage-first heap   total 222208K, used 193110K [0x0000000080000000, 0x0000000100000000)
  region size 1024K, 67 young (68608K), 7 survivors (7168K)
 Metaspace       used 117476K, committed 119872K, reserved 1179648K
  class space    used 16012K, committed 17216K, reserved 1048576K
}
Event: 20.699 GC heap after
{Heap after GC invocations=46 (full 0):
 garbage-first heap   total 222208K, used 135721K [0x0000000080000000, 0x0000000100000000)
  region size 1024K, 6 young (6144K), 6 survivors (6144K)
 Metaspace       used 117476K, committed 119872K, reserved 1179648K
  class space    used 16012K, committed 17216K, reserved 1048576K
}
Event: 21.393 GC heap before
{Heap before GC invocations=46 (full 0):
 garbage-first heap   total 222208K, used 202281K [0x0000000080000000, 0x0000000100000000)
  region size 1024K, 72 young (73728K), 6 survivors (6144K)
 Metaspace       used 117699K, committed 120064K, reserved 1179648K
  class space    used 16034K, committed 17216K, reserved 1048576K
}
Event: 21.409 GC heap after
{Heap after GC invocations=47 (full 0):
 garbage-first heap   total 222208K, used 135570K [0x0000000080000000, 0x0000000100000000)
  region size 1024K, 6 young (6144K), 6 survivors (6144K)
 Metaspace       used 117699K, committed 120064K, reserved 1179648K
  class space    used 16034K, committed 17216K, reserved 1048576K
}
Event: 21.966 GC heap before
{Heap before GC invocations=47 (full 0):
 garbage-first heap   total 222208K, used 202130K [0x0000000080000000, 0x0000000100000000)
  region size 1024K, 72 young (73728K), 6 survivors (6144K)
 Metaspace       used 117818K, committed 120256K, reserved 1179648K
  class space    used 16042K, committed 17216K, reserved 1048576K
}
Event: 21.999 GC heap after
{Heap after GC invocations=48 (full 0):
 garbage-first heap   total 269312K, used 138347K [0x0000000080000000, 0x0000000100000000)
  region size 1024K, 6 young (6144K), 6 survivors (6144K)
 Metaspace       used 117818K, committed 120256K, reserved 1179648K
  class space    used 16042K, committed 17216K, reserved 1048576K
}
Event: 22.617 GC heap before
{Heap before GC invocations=49 (full 0):
 garbage-first heap   total 269312K, used 240747K [0x0000000080000000, 0x0000000100000000)
  region size 1024K, 107 young (109568K), 6 survivors (6144K)
 Metaspace       used 117873K, committed 120320K, reserved 1179648K
  class space    used 16046K, committed 17280K, reserved 1048576K
}
Event: 22.629 GC heap after
{Heap after GC invocations=50 (full 0):
 garbage-first heap   total 269312K, used 141211K [0x0000000080000000, 0x0000000100000000)
  region size 1024K, 9 young (9216K), 9 survivors (9216K)
 Metaspace       used 117873K, committed 120320K, reserved 1179648K
  class space    used 16046K, committed 17280K, reserved 1048576K
}

